<?xml version="1.0" encoding="UTF-8"?>
<!-- Generated by org.testng.reporters.JUnitXMLReporter -->
<testsuite hostname="MaheshK" name="LoginValid" tests="2" failures="2" timestamp="17 Sep 2016 11:40:55 GMT" time="33.15" errors="0">
  <testcase name="LoginWithValid" time="5.239" classname="loginTS.LoginWithValidData">
    <failure type="java.lang.AssertionError" message="expected [https://www.justrechargeit.com/myaccount_directory.aspx] but found [https://www.justrechargeit.com/SignIn.aspx]">
      <![CDATA[java.lang.AssertionError: expected [https://www.justrechargeit.com/myaccount_directory.aspx] but found [https://www.justrechargeit.com/SignIn.aspx]
	at loginTS.LoginWithValidData.LoginWithValid(LoginWithValidData.java:54)
... Removed 29 stack frames]]>
    </failure>
  </testcase> <!-- LoginWithValid -->
  <testcase name="LoginWithValid" time="2.428" classname="loginTS.LoginWithValidData">
    <failure type="java.lang.AssertionError" message="expected [https://www.justrechargeit.com/myaccount_directory.aspx] but found [https://www.justrechargeit.com/SignIn.aspx]">
      <![CDATA[java.lang.AssertionError: expected [https://www.justrechargeit.com/myaccount_directory.aspx] but found [https://www.justrechargeit.com/SignIn.aspx]
	at loginTS.LoginWithValidData.LoginWithValid(LoginWithValidData.java:54)
... Removed 29 stack frames]]>
    </failure>
  </testcase> <!-- LoginWithValid -->
</testsuite> <!-- LoginValid -->
