<?xml version="1.0" encoding="UTF-8"?>
<!-- Generated by org.testng.reporters.JUnitXMLReporter -->
<testsuite hostname="Lenovo-PC" name="Registervalid" tests="1" failures="0" timestamp="19 Sep 2016 14:24:21 GMT" time="16.267" errors="0">
  <testcase name="@BeforeTest setUpMethod" time="0.0" classname="registerTS.RegisterWithValidData">
    <failure type="java.lang.NoClassDefFoundError" message="org/apache/poi/ss/usermodel/Cell">
      <![CDATA[java.lang.NoClassDefFoundError: org/apache/poi/ss/usermodel/Cell
	at utility.DataProviderClass.setUp(DataProviderClass.java:15)
	at registerTS.RegisterWithValidData.setUpMethod(RegisterWithValidData.java:32)
Caused by: java.lang.ClassNotFoundException: org.apache.poi.ss.usermodel.Cell
	at java.net.URLClassLoader.findClass(Unknown Source)
	at java.lang.ClassLoader.loadClass(Unknown Source)
	at sun.misc.Launcher$AppClassLoader.loadClass(Unknown Source)
	at java.lang.ClassLoader.loadClass(Unknown Source)
	... 24 more
... Removed 22 stack frames]]>
    </failure>
  </testcase> <!-- @BeforeTest setUpMethod -->
  <testcase name="@AfterTest tearDown" time="0.0" classname="registerTS.RegisterWithValidData">
    <skipped/>
  </testcase> <!-- @AfterTest tearDown -->
  <testcase name="RegisterWithValid" time="0.0" classname="registerTS.RegisterWithValidData">
    <skipped/>
  </testcase> <!-- RegisterWithValid -->
</testsuite> <!-- Registervalid -->
