<?xml version="1.0" encoding="UTF-8"?>
<testng-results skipped="0" failed="0" ignored="0" total="1" passed="1">
  <reporter-output>
  </reporter-output>
  <suite name="Default suite" duration-ms="65" started-at="2020-05-07T05:56:39Z" finished-at="2020-05-07T05:56:39Z">
    <groups>
    </groups>
    <test name="Default test" duration-ms="65" started-at="2020-05-07T05:56:39Z" finished-at="2020-05-07T05:56:39Z">
      <class name="testNGclasses.FirstTestNgClass">
        <test-method status="PASS" signature="hello()[pri:0, instance:testNGclasses.FirstTestNgClass@215be6bb]" name="hello" duration-ms="23" started-at="2020-05-07T05:56:39Z" finished-at="2020-05-07T05:56:39Z">
          <reporter-output>
          </reporter-output>
        </test-method> <!-- hello -->
      </class> <!-- testNGclasses.FirstTestNgClass -->
    </test> <!-- Default test -->
  </suite> <!-- Default suite -->
</testng-results>
